<?xml version="1.0" encoding="UTF-8"?>
<coverage generated="1584018616874" clover="3.2.0">
  <project timestamp="1584018616874" name="All files">
    <metrics statements="2" coveredstatements="2" conditionals="2" coveredconditionals="2" methods="2" coveredmethods="2" elements="6" coveredelements="6" complexity="0" loc="2" ncloc="2" packages="1" files="1" classes="1"/>
    <file name="ToggleMessage.vue" path="/Users/marcusgustafsson/repos_2020/unit-testing-with-vue/src/components/ToggleMessage.vue">
      <metrics statements="2" coveredstatements="2" conditionals="2" coveredconditionals="2" methods="2" coveredmethods="2"/>
      <line num="15" count="2" type="stmt"/>
      <line num="20" count="2" type="cond" truecount="2" falsecount="0"/>
    </file>
  </project>
</coverage>
