{"/Users/marcusgustafsson/repos_2020/unit-testing-with-vue/src/components/ToggleMessage.vue": {"path":"/Users/marcusgustafsson/repos_2020/unit-testing-with-vue/src/components/ToggleMessage.vue","statementMap":{"0":{"start":{"line":15,"column":0},"end":{"line":15,"column":null}},"1":{"start":{"line":20,"column":0},"end":{"line":20,"column":null}}},"fnMap":{"0":{"name":"(anonymous_1)","decl":{"start":{"line":15,"column":0},"end":{"line":15,"column":null}},"loc":{"start":{"line":15,"column":0},"end":{"line":15,"column":null}}},"1":{"name":"(anonymous_2)","decl":{"start":{"line":19,"column":0},"end":{"line":19,"column":null}},"loc":{"start":{"line":19,"column":0},"end":{"line":21,"column":null}}}},"branchMap":{"0":{"loc":{"start":{"line":20,"column":0},"end":{"line":20,"column":null}},"type":"cond-expr","locations":[{"start":{"line":20,"column":0},"end":{"line":20,"column":null}},{"start":{"line":20,"column":0},"end":{"line":20,"column":null}}]}},"s":{"0":2,"1":2},"f":{"0":2,"1":2},"b":{"0":[1,1]}}
}
